Arguments: 
  C:\Users\Zon Academy\Desktop\Zon Academy v2\server\FXServer.exe C:\Users\Zon Academy\Desktop\Zon Academy v2\data\resources\[essential]\yarn\yarn_cli.js install --ignore-scripts --cache-folder C:\Users\Zon Academy\Desktop\Zon Academy v2\data\cache\yarn-cache --mutex file:C:\Users\Zon Academy\Desktop\Zon Academy v2\data\cache\yarn-mutex

PATH: 
  C:\ProgramData\Oracle\Java\javapath;C:\WINDOWS\system32;C:\WINDOWS;C:\WINDOWS\System32\Wbem;C:\WINDOWS\System32\WindowsPowerShell\v1.0\;C:\WINDOWS\System32\OpenSSH\;C:\Program Files\nodejs\;C:\Users\Zon Academy\AppData\Local\Microsoft\WindowsApps;;C:\Users\Zon Academy\AppData\Local\Programs\Microsoft VS Code\bin;C:\Users\Zon Academy\AppData\Roaming\npm

Yarn version: 
  1.22.5

Node version: 
  16.9.1

Platform: 
  win32 x64

Trace: 
  Error: https://github.com/Tellus/patch-package-with-pnpm-support: ESOCKETTIMEDOUT
      at ClientRequest.<anonymous> (C:\Users\Zon Academy\Desktop\Zon Academy v2\data\resources\[essential]\yarn\yarn_cli.js:135787:19)
      at Object.onceWrapper (node:events:513:28)
      at ClientRequest.emit (node:events:394:28)
      at TLSSocket.emitRequestTimeout (node:_http_client:761:9)
      at Object.onceWrapper (node:events:513:28)
      at TLSSocket.emit (node:events:406:35)
      at TLSSocket.Socket._onTimeout (node:net:486:8)
      at listOnTimeout (node:internal/timers:557:17)
      at processTimers (node:internal/timers:500:7)

npm manifest: 
  {
    "name": "oxmysql",
    "version": "2.3.4",
    "description": "FXServer to MySQL communication via node-mysql2",
    "repository": "git@github.com:overextended/oxmysql.git",
    "author": "dunak-debug <19434539+dunak-debug@users.noreply.github.com>",
    "license": "LGPL-3.0-or-later",
    "main": "lib/MySQL.js",
    "types": "lib/MySQL.d.ts",
    "files": [
      "lib/MySQL.js",
      "lib/MySQL.d.ts"
    ],
    "scripts": {
      "build": "pnpm build:root && lerna run build",
      "build:root": "node build.js && cd lib && tsc",
      "watch": "esbuild --watch --bundle --platform=node --target=node16.9.1 src/index.ts --outfile=dist/build.js",
      "lib": "tsc --project lib/tsconfig.lib.json",
      "bootstrap": "lerna bootstrap",
      "postinstall": "patch-package && pnpm bootstrap"
    },
    "dependencies": {
      "@citizenfx/server": "^2.0.5132-1",
      "@types/node": "^17.0.32",
      "mysql2": "^2.3.3",
      "named-placeholders": "^1.1.2",
      "node-fetch": "^3.2.4",
      "prettier": "^2.6.2"
    },
    "devDependencies": {
      "@tellus/patch-package-with-pnpm-support": "github:Tellus/patch-package-with-pnpm-support",
      "esbuild": "^0.14.39",
      "lerna": "^4.0.0",
      "postinstall-postinstall": "^2.1.0",
      "pretty-quick": "^3.1.3",
      "typescript": "^4.6.4"
    }
  }

yarn manifest: 
  No manifest

Lockfile: 
  No lockfile
